2017/10/21 18:03:35 mq_server (pid=7952)(info): RegisterAppId
2017/10/21 18:09:05 mq_server (pid=19796)(info): RegisterAppId
2017/10/21 18:09:05 mq_server (pid=19796)(info): RegisterAppId***
2017/10/21 18:11:28 mq_server (pid=21112)(info): A
2017/10/21 18:11:28 mq_server (pid=21112)(info): RegisterAppId***
2017/10/21 18:35:17 mq_server (pid=4828)(info): A
2017/10/21 18:35:17 mq_server (pid=4828)(info): RegisterAppId***
2017/10/21 18:37:04 mq_server (pid=16372)(info): RegisterAppId
2017/10/21 18:37:04 mq_server (pid=16372)(info): RegisterAppId***
2017/10/21 18:41:21 mq_server (pid=21800)(info): RegisterAppId
2017/10/21 18:41:21 mq_server (pid=21800)(info): ok
2017/10/21 18:41:21 mq_server (pid=21800)(info): RegisterAppId***
2017/10/21 18:42:42 mq_server (pid=18972)(info): RegisterAppId
2017/10/21 18:42:42 mq_server (pid=18972)(info): ok
2017/10/21 18:42:42 mq_server (pid=18972)(info): RegisterAppId***
2017/10/21 18:43:28 mq_server (pid=9948)(info): RegisterAppId
2017/10/21 18:43:28 mq_server (pid=9948)(info): ok
2017/10/21 18:43:28 mq_server (pid=9948)(info): no Installed
2017/10/21 18:43:28 mq_server (pid=9948)(info): RegisterAppId***
2017/10/21 18:48:32 mq_server (pid=22304)(info): RegisterAppId
2017/10/21 18:50:49 mq_server (pid=15600)(info): RegisterAppId
2017/10/21 18:50:49 mq_server (pid=15600)(info): 1
2017/10/21 18:50:49 mq_server (pid=15600)(info): 2
2017/10/21 18:51:45 mq_server (pid=5840)(info): RegisterAppId
2017/10/21 18:51:45 mq_server (pid=5840)(info): 1
2017/10/21 18:51:45 mq_server (pid=5840)(info): 2
2017/10/21 18:54:32 mq_server (pid=20072)(info): RegisterAppId
2017/10/21 18:54:32 mq_server (pid=20072)(info): 1
2017/10/21 18:54:32 mq_server (pid=20072)(info): 2
2017/10/21 18:54:32 mq_server (pid=20072)(info): 2.5
2017/10/21 18:54:32 mq_server (pid=20072)(info): 3
2017/10/21 18:54:32 mq_server (pid=20072)(info): 4
2017/10/21 18:54:32 mq_server (pid=20072)(info): ok
2017/10/21 18:54:32 mq_server (pid=20072)(info): Registe
2017/10/21 18:54:32 mq_server (pid=20072)(info): RegisterAppId***
2017/10/21 18:57:44 mq_server (pid=22260)(info): RegisterAppId
2017/10/21 18:57:44 mq_server (pid=22260)(info): 1
2017/10/21 18:57:44 mq_server (pid=22260)(info): 2
2017/10/21 18:57:44 mq_server (pid=22260)(info): 0
2017/10/21 18:57:44 mq_server (pid=22260)(info): 3
2017/10/21 18:57:44 mq_server (pid=22260)(info): 4
2017/10/21 18:57:44 mq_server (pid=22260)(info): ok
2017/10/21 18:57:44 mq_server (pid=22260)(info): Registe
2017/10/21 18:57:44 mq_server (pid=22260)(info): RegisterAppId***
2017/10/21 19:12:26 mq_server (pid=11008)(info): RegisterAppId
2017/10/21 19:12:26 mq_server (pid=11008)(info): Registe
2017/10/21 19:12:26 mq_server (pid=11008)(info): RegisterAppId***
2017/10/21 19:17:57 mq_server (pid=12960)(info): RegisterAppId
2017/10/21 19:17:57 mq_server (pid=12960)(info): Registe
2017/10/21 19:17:57 mq_server (pid=12960)(info): RegisterAppId***
2017/10/21 19:22:05 mq_server (pid=5980)(info): RegisterAppId
2017/10/21 19:22:05 mq_server (pid=5980)(info): Registe
2017/10/21 19:22:05 mq_server (pid=5980)(info): RegisterAppId***
2017/10/21 19:22:41 mq_server (pid=16228)(info): RegisterAppId
2017/10/21 19:22:41 mq_server (pid=16228)(info): Registe
2017/10/21 19:22:41 mq_server (pid=16228)(info): RegisterAppId***
2017/10/21 19:24:32 mq_server (pid=18196)(info): RegisterAppId
2017/10/21 19:24:32 mq_server (pid=18196)(info): Registe
2017/10/21 19:24:32 mq_server (pid=18196)(info): RegisterAppId***
